  rc1custompisoadaptdfsrenderer.cpp
..\..\cppvolrend\structured\rc1pisodfscustom\rc1custompisoadaptdfsrenderer.cpp(1,1): warning C4819: 该文件包含不能在当前代码页(936)中表示的字符。请将该文件保存为 Unicode 格式以防止数据丢失
E:\cpp_volume_rendering\libs\math_utils/matrix4.h(58,21): warning C4244: “参数”: 从“double”转换到“float”，可能丢失数据
E:\cpp_volume_rendering\libs\math_utils/matrix4.h(59,21): warning C4244: “参数”: 从“double”转换到“float”，可能丢失数据
..\..\cppvolrend\structured\rc1pisodfscustom\rc1custompisoadaptdfsrenderer.cpp(37,20): warning C4244: “初始化”: 从“T”转换到“int”，可能丢失数据
          with
          [
              T=float
          ]
..\..\cppvolrend\structured\rc1pisodfscustom\rc1custompisoadaptdfsrenderer.cpp(38,20): warning C4244: “初始化”: 从“T”转换到“int”，可能丢失数据
          with
          [
              T=float
          ]
..\..\cppvolrend\structured\rc1pisodfscustom\rc1custompisoadaptdfsrenderer.cpp(39,20): warning C4244: “初始化”: 从“T”转换到“int”，可能丢失数据
          with
          [
              T=float
          ]
..\..\cppvolrend\structured\rc1pisodfscustom\rc1custompisoadaptdfsrenderer.cpp(106,37): warning C4244: “参数”: 从“double”转换到“_Ty”，可能丢失数据
          with
          [
              _Ty=float
          ]
..\..\cppvolrend\structured\rc1pisodfscustom\rc1custompisoadaptdfsrenderer.cpp(107,37): warning C4244: “参数”: 从“double”转换到“_Ty”，可能丢失数据
          with
          [
              _Ty=float
          ]
  cppvolrend.vcxproj -> E:\cpp_volume_rendering\bin\Debug\cppvolrend.exe
